<?xml version="1.0" encoding="UTF-8"?>
<testng-results skipped="0" failed="0" ignored="0" total="1" passed="1">
  <reporter-output>
  </reporter-output>
  <suite name="Default suite" duration-ms="1488" started-at="2022-08-05T06:33:07 IST" finished-at="2022-08-05T06:33:08 IST">
    <groups>
    </groups>
    <test name="Default test" duration-ms="1488" started-at="2022-08-05T06:33:07 IST" finished-at="2022-08-05T06:33:08 IST">
      <class name="day34.ApiTestingDemo">
        <test-method status="PASS" signature="apitesting()[pri:0, instance:day34.ApiTestingDemo@4e7dc304]" name="apitesting" duration-ms="1433" started-at="2022-08-05T06:33:07 IST" finished-at="2022-08-05T06:33:08 IST">
          <reporter-output>
          </reporter-output>
        </test-method> <!-- apitesting -->
      </class> <!-- day34.ApiTestingDemo -->
    </test> <!-- Default test -->
  </suite> <!-- Default suite -->
</testng-results>
